c:\users\vitor\git\tonner-save\fontesemf\emfedit\debug\emfedit.pch
c:\users\vitor\git\tonner-save\fontesemf\emfedit\debug\vc141.pdb
c:\users\vitor\git\tonner-save\fontesemf\emfedit\debug\vc141.idb
c:\users\vitor\git\tonner-save\fontesemf\emfedit\debug\stdafx.obj
c:\users\vitor\git\tonner-save\fontesemf\emfedit\debug\dllmain.obj
c:\users\vitor\git\tonner-save\fontesemf\emfedit\debug\emfedit.obj
c:\users\vitor\git\tonner-save\fontesemf\debug\emfedit.lib
c:\users\vitor\git\tonner-save\fontesemf\debug\emfedit.exp
c:\users\vitor\git\tonner-save\fontesemf\debug\emfedit.ilk
c:\users\vitor\git\tonner-save\fontesemf\debug\emfedit.dll
c:\users\vitor\git\tonner-save\fontesemf\debug\emfedit.pdb
c:\users\vitor\git\tonner-save\fontesemf\emfedit\debug\emfeditcs.tli
c:\users\vitor\git\tonner-save\fontesemf\emfedit\debug\emfeditcs.tlh
c:\users\vitor\git\tonner-save\fontesemf\emfedit\debug\emfedit.tlog\cl.command.1.tlog
c:\users\vitor\git\tonner-save\fontesemf\emfedit\debug\emfedit.tlog\cl.read.1.tlog
c:\users\vitor\git\tonner-save\fontesemf\emfedit\debug\emfedit.tlog\cl.write.1.tlog
c:\users\vitor\git\tonner-save\fontesemf\emfedit\debug\emfedit.tlog\emfedit.write.1u.tlog
c:\users\vitor\git\tonner-save\fontesemf\emfedit\debug\emfedit.tlog\link.command.1.tlog
c:\users\vitor\git\tonner-save\fontesemf\emfedit\debug\emfedit.tlog\link.read.1.tlog
c:\users\vitor\git\tonner-save\fontesemf\emfedit\debug\emfedit.tlog\link.write.1.tlog
